<?xml version="1.0" encoding="UTF-8"?>
<!-- Generated by org.testng.reporters.JUnitReportReporter -->
<testsuite skipped="0" hostname="MacBook-Air.local" name="utils.RequestMethod" tests="1" failures="0" timestamp="29 六月 2020 11:01:24 GMT" time="0.011" errors="0">
  <testcase name="test1" time="0.011" classname="utils.RequestMethod"/>
</testsuite> <!-- utils.RequestMethod -->
