<?xml version="1.0" encoding="UTF-8"?>
<!-- Generated by org.testng.reporters.JUnitReportReporter -->
<testsuite skipped="0" hostname="MacBook-Air.local" name="runner.getPayOn" tests="1" failures="0" timestamp="29 六月 2020 11:10:20 GMT" time="0.020" errors="0">
  <testcase name="getInfo" time="0.020" classname="runner.getPayOn"/>
</testsuite> <!-- runner.getPayOn -->
