<?xml version="1.0" encoding="UTF-8"?>
<!-- Generated by org.testng.reporters.JUnitReportReporter -->
<testsuite skipped="0" hostname="MacBook-Air.local" name="runner.test01" tests="1" failures="0" timestamp="09 七月 2020 07:43:28 GMT" time="0.168" errors="0">
  <testcase name="nahao" time="0.168" classname="runner.test01"/>
</testsuite> <!-- runner.test01 -->
